<?xml version="1.0" encoding="UTF-8"?>
<testsuite xmlns:xsi="http://www.w3.org/2001/XMLSchema-instance" xsi:noNamespaceSchemaLocation="https://maven.apache.org/surefire/maven-surefire-plugin/xsd/surefire-test-report-3.0.xsd" version="3.0" name="pl.orderops.orderops.OrderopsApplicationTests" time="7.587" tests="1" errors="0" skipped="0" failures="0">
  <properties>
[...]
</properties>
  <testcase name="contextLoads" classname="pl.orderops.orderops.OrderopsApplicationTests" time="0.435">
    <system-out><![CDATA[14:36:55.341 [main] INFO org.springframework.test.context.support.AnnotationConfigContextLoaderUtils -- Could not detect default configuration classes for test class [pl.orderops.orderops.OrderopsApplicationTests]: OrderopsApplicationTests does not declare any static, non-private, non-final, nested classes annotated with @Configuration.
14:36:55.503 [main] INFO org.springframework.boot.test.context.SpringBootTestContextBootstrapper -- Found @SpringBootConfiguration pl.orderops.orderops.OrderopsApplication for test class pl.orderops.orderops.OrderopsApplicationTests

  .   ____          _            __ _ _
 /\\ / ___'_ __ _ _(_)_ __  __ _ \ \ \ \
( ( )\___ | '_ | '_| | '_ \/ _` | \ \ \ \
 \\/  ___)| |_)| | | | | || (_| |  ) ) ) )
  '  |____| .__|_| |_|_| |_\__, | / / / /
 =========|_|==============|___/=/_/_/_/

 :: Spring Boot ::                (v4.0.2)

2026-02-11T14:36:56.023+01:00  INFO 162499 --- [orderops] [           main] p.o.orderops.OrderopsApplicationTests    : Starting OrderopsApplicationTests using Java 21.0.1 with PID 162499 (started by damian in /home/damian/orderops/orderops)
2026-02-11T14:36:56.025+01:00  INFO 162499 --- [orderops] [           main] p.o.orderops.OrderopsApplicationTests    : No active profile set, falling back to 1 default profile: "default"
2026-02-11T14:36:57.143+01:00  INFO 162499 --- [orderops] [           main] .s.d.r.c.RepositoryConfigurationDelegate : Bootstrapping Spring Data JPA repositories in DEFAULT mode.
2026-02-11T14:36:57.279+01:00  INFO 162499 --- [orderops] [           main] .s.d.r.c.RepositoryConfigurationDelegate : Finished Spring Data repository scanning in 126 ms. Found 6 JPA repository interfaces.
2026-02-11T14:36:57.991+01:00  INFO 162499 --- [orderops] [           main] org.hibernate.orm.jpa                    : HHH008540: Processing PersistenceUnitInfo [name: default]
2026-02-11T14:36:58.055+01:00  INFO 162499 --- [orderops] [           main] org.hibernate.orm.core                   : HHH000001: Hibernate ORM core version 7.2.1.Final
2026-02-11T14:36:58.605+01:00  INFO 162499 --- [orderops] [           main] o.s.o.j.p.SpringPersistenceUnitInfo      : No LoadTimeWeaver setup: ignoring JPA class transformer
2026-02-11T14:36:58.640+01:00  INFO 162499 --- [orderops] [           main] com.zaxxer.hikari.HikariDataSource       : HikariPool-1 - Starting...
2026-02-11T14:36:58.853+01:00  INFO 162499 --- [orderops] [           main] com.zaxxer.hikari.pool.HikariPool        : HikariPool-1 - Added connection org.postgresql.jdbc.PgConnection@1fa796a4
2026-02-11T14:36:58.855+01:00  INFO 162499 --- [orderops] [           main] com.zaxxer.hikari.HikariDataSource       : HikariPool-1 - Start completed.
2026-02-11T14:36:58.890+01:00  WARN 162499 --- [orderops] [           main] org.hibernate.orm.deprecation            : HHH90000025: PostgreSQLDialect does not need to be specified explicitly using 'hibernate.dialect' (remove the property setting and it will be selected by default)
2026-02-11T14:36:58.927+01:00  INFO 162499 --- [orderops] [           main] org.hibernate.orm.connections.pooling    : HHH10001005: Database info:
	Database JDBC URL [jdbc:postgresql://localhost:5432/orderdb]
	Database driver: PostgreSQL JDBC Driver
	Database dialect: PostgreSQLDialect
	Database version: 16.3
	Default catalog/schema: orderdb/public
	Autocommit mode: undefined/unknown
	Isolation level: READ_COMMITTED [default READ_COMMITTED]
	JDBC fetch size: none
	Pool: DataSourceConnectionProvider
	Minimum pool size: undefined/unknown
	Maximum pool size: undefined/unknown
2026-02-11T14:37:00.177+01:00  INFO 162499 --- [orderops] [           main] org.hibernate.orm.core                   : HHH000489: No JTA platform available (set 'hibernate.transaction.jta.platform' to enable JTA platform integration)
2026-02-11T14:37:00.221+01:00  INFO 162499 --- [orderops] [           main] j.LocalContainerEntityManagerFactoryBean : Initialized JPA EntityManagerFactory for persistence unit 'default'
2026-02-11T14:37:00.330+01:00  INFO 162499 --- [orderops] [           main] o.s.d.j.r.query.QueryEnhancerFactories   : Hibernate is in classpath; If applicable, HQL parser will be used.
2026-02-11T14:37:01.189+01:00  WARN 162499 --- [orderops] [           main] JpaBaseConfiguration$JpaWebConfiguration : spring.jpa.open-in-view is enabled by default. Therefore, database queries may be performed during view rendering. Explicitly configure spring.jpa.open-in-view to disable this warning
2026-02-11T14:37:01.956+01:00  INFO 162499 --- [orderops] [           main] o.s.b.a.e.web.EndpointLinksResolver      : Exposing 1 endpoint beneath base path '/actuator'
2026-02-11T14:37:02.087+01:00  INFO 162499 --- [orderops] [           main] p.o.orderops.OrderopsApplicationTests    : Started OrderopsApplicationTests in 6.408 seconds (process running for 7.877)
Hibernate: SELECT * FROM action_execution
WHERE (status = 'PENDING' OR status = 'RETRY')
  AND next_retry_at <= ?
FOR UPDATE SKIP LOCKED

]]></system-out>
    <system-err><![CDATA[Mockito is currently self-attaching to enable the inline-mock-maker. This will no longer work in future releases of the JDK. Please add Mockito as an agent to your build as described in Mockito's documentation: https://javadoc.io/doc/org.mockito/mockito-core/latest/org.mockito/org/mockito/Mockito.html#0.3
WARNING: A Java agent has been loaded dynamically (/home/damian/.m2/repository/net/bytebuddy/byte-buddy-agent/1.17.8/byte-buddy-agent-1.17.8.jar)
WARNING: If a serviceability tool is in use, please run with -XX:+EnableDynamicAgentLoading to hide this warning
WARNING: If a serviceability tool is not in use, please run with -Djdk.instrument.traceUsage for more information
WARNING: Dynamic loading of agents will be disallowed by default in a future release
]]></system-err>
  </testcase>
</testsuite>